[INFO] Scanning for projects...
[INFO] 
[INFO] --------------< com.example:SpringHttpClientDataJpaDemo >---------------
[INFO] Building SpringHttpClientDataJpaDemo 0.0.1-SNAPSHOT
[INFO]   from pom.xml
[INFO] --------------------------------[ jar ]---------------------------------
[INFO] 
[INFO] >>> spring-boot:3.5.0:run (default-cli) > test-compile @ SpringHttpClientDataJpaDemo >>>
[INFO] 
[INFO] --- resources:3.3.1:resources (default-resources) @ SpringHttpClientDataJpaDemo ---
[INFO] Copying 2 resources from src/main/resources to target/classes
[INFO] Copying 2 resources from src/main/resources to target/classes
[INFO] 
[INFO] --- compiler:3.14.0:compile (default-compile) @ SpringHttpClientDataJpaDemo ---
[INFO] Recompiling the module because of changed source code.
[INFO] Compiling 14 source files with javac [debug parameters release 17] to target/classes
[INFO] 
[INFO] --- resources:3.3.1:testResources (default-testResources) @ SpringHttpClientDataJpaDemo ---
[INFO] skip non existing resourceDirectory /Users/hzy/projects/java/SpringHttpClientDataJpaDemo/src/test/resources
[INFO] 
[INFO] --- compiler:3.14.0:testCompile (default-testCompile) @ SpringHttpClientDataJpaDemo ---
[INFO] Recompiling the module because of changed dependency.
[INFO] Compiling 1 source file with javac [debug parameters release 17] to target/test-classes
[INFO] 
[INFO] <<< spring-boot:3.5.0:run (default-cli) < test-compile @ SpringHttpClientDataJpaDemo <<<
[INFO] 
[INFO] 
[INFO] --- spring-boot:3.5.0:run (default-cli) @ SpringHttpClientDataJpaDemo ---
[INFO] Attaching agents: []

  .   ____          _            __ _ _
 /\\ / ___'_ __ _ _(_)_ __  __ _ \ \ \ \
( ( )\___ | '_ | '_| | '_ \/ _` | \ \ \ \
 \\/  ___)| |_)| | | | | || (_| |  ) ) ) )
  '  |____| .__|_| |_|_| |_\__, | / / / /
 =========|_|==============|___/=/_/_/_/

 :: Spring Boot ::                (v3.5.0)

2025-06-16 11:30:09 [main] INFO  c.e.s.SpringHttpClientDataJpaDemoApplication - Starting SpringHttpClientDataJpaDemoApplication using Java 21.0.7 with PID 67724 (/Users/hzy/projects/java/SpringHttpClientDataJpaDemo/target/classes started by hzy in /Users/hzy/projects/java/SpringHttpClientDataJpaDemo)
2025-06-16 11:30:09 [main] DEBUG c.e.s.SpringHttpClientDataJpaDemoApplication - Running with Spring Boot v3.5.0, Spring v6.2.7
2025-06-16 11:30:09 [main] INFO  c.e.s.SpringHttpClientDataJpaDemoApplication - The following 1 profile is active: "dev"
2025-06-16 11:30:10 [main] INFO  o.s.d.r.c.RepositoryConfigurationDelegate - Bootstrapping Spring Data JPA repositories in DEFAULT mode.
2025-06-16 11:30:10 [main] INFO  o.s.d.r.c.RepositoryConfigurationDelegate - Finished Spring Data repository scanning in 21 ms. Found 1 JPA repository interface.
2025-06-16 11:30:10 [main] INFO  o.s.b.w.e.tomcat.TomcatWebServer - Tomcat initialized with port 8080 (http)
2025-06-16 11:30:10 [main] INFO  o.a.catalina.core.StandardService - Starting service [Tomcat]
2025-06-16 11:30:10 [main] INFO  o.a.catalina.core.StandardEngine - Starting Servlet engine: [Apache Tomcat/10.1.41]
2025-06-16 11:30:10 [main] INFO  o.a.c.c.C.[Tomcat].[localhost].[/] - Initializing Spring embedded WebApplicationContext
2025-06-16 11:30:10 [main] INFO  o.s.b.w.s.c.ServletWebServerApplicationContext - Root WebApplicationContext: initialization completed in 696 ms
2025-06-16 11:30:10 [main] DEBUG o.s.w.f.ServerHttpObservationFilter - Filter 'webMvcObservationFilter' configured for use
2025-06-16 11:30:10 [main] INFO  com.zaxxer.hikari.HikariDataSource - HikariPool-1 - Starting...
2025-06-16 11:30:10 [main] INFO  com.zaxxer.hikari.pool.HikariPool - HikariPool-1 - Added connection conn0: url=jdbc:h2:mem:task_management user=SA
2025-06-16 11:30:10 [main] INFO  com.zaxxer.hikari.HikariDataSource - HikariPool-1 - Start completed.
2025-06-16 11:30:10 [main] WARN  o.s.b.w.s.c.AnnotationConfigServletWebServerApplicationContext - Exception encountered during context initialization - cancelling refresh attempt: org.springframework.beans.factory.BeanCreationException: Error creating bean with name 'entityManagerFactory' defined in class path resource [org/springframework/boot/autoconfigure/orm/jpa/HibernateJpaConfiguration.class]: Failed to initialize dependency 'dataSourceScriptDatabaseInitializer' of LoadTimeWeaverAware bean 'entityManagerFactory': Error creating bean with name 'dataSourceScriptDatabaseInitializer' defined in class path resource [org/springframework/boot/autoconfigure/sql/init/DataSourceInitializationConfiguration.class]: Failed to execute SQL script statement #7 of class path resource [schema-h2.sql]: INSERT INTO tasks (id, user_id, filename, sheet_name, task_type, task_status, upload_batch_id, row_count, processed_rows) VALUES ( 'a0b1c2d3-e4f5-6789-abcd-ef0123456789', 'user_123', 'sample_evaluation.xlsx', 'Sheet1', 'CHAT_EVALUATION', 'QUEUEING', 'b0c1d2e3-f4g5-6789-abcd-ef0123456789', 2, 0 ) ON DUPLICATE KEY UPDATE id = id
2025-06-16 11:30:10 [main] INFO  com.zaxxer.hikari.HikariDataSource - HikariPool-1 - Shutdown initiated...
2025-06-16 11:30:10 [main] INFO  com.zaxxer.hikari.HikariDataSource - HikariPool-1 - Shutdown completed.
2025-06-16 11:30:10 [main] INFO  o.a.catalina.core.StandardService - Stopping service [Tomcat]
2025-06-16 11:30:10 [main] INFO  o.s.b.a.l.ConditionEvaluationReportLogger - 

Error starting ApplicationContext. To display the condition evaluation report re-run your application with 'debug' enabled.
2025-06-16 11:30:10 [main] ERROR o.s.boot.SpringApplication - Application run failed
org.springframework.beans.factory.BeanCreationException: Error creating bean with name 'entityManagerFactory' defined in class path resource [org/springframework/boot/autoconfigure/orm/jpa/HibernateJpaConfiguration.class]: Failed to initialize dependency 'dataSourceScriptDatabaseInitializer' of LoadTimeWeaverAware bean 'entityManagerFactory': Error creating bean with name 'dataSourceScriptDatabaseInitializer' defined in class path resource [org/springframework/boot/autoconfigure/sql/init/DataSourceInitializationConfiguration.class]: Failed to execute SQL script statement #7 of class path resource [schema-h2.sql]: INSERT INTO tasks (id, user_id, filename, sheet_name, task_type, task_status, upload_batch_id, row_count, processed_rows) VALUES ( 'a0b1c2d3-e4f5-6789-abcd-ef0123456789', 'user_123', 'sample_evaluation.xlsx', 'Sheet1', 'CHAT_EVALUATION', 'QUEUEING', 'b0c1d2e3-f4g5-6789-abcd-ef0123456789', 2, 0 ) ON DUPLICATE KEY UPDATE id = id
	at org.springframework.beans.factory.support.AbstractBeanFactory.doGetBean(AbstractBeanFactory.java:328)
	at org.springframework.beans.factory.support.AbstractBeanFactory.getBean(AbstractBeanFactory.java:207)
	at org.springframework.context.support.AbstractApplicationContext.finishBeanFactoryInitialization(AbstractApplicationContext.java:970)
	at org.springframework.context.support.AbstractApplicationContext.refresh(AbstractApplicationContext.java:627)
	at org.springframework.boot.web.servlet.context.ServletWebServerApplicationContext.refresh(ServletWebServerApplicationContext.java:146)
	at org.springframework.boot.SpringApplication.refresh(SpringApplication.java:753)
	at org.springframework.boot.SpringApplication.refreshContext(SpringApplication.java:439)
	at org.springframework.boot.SpringApplication.run(SpringApplication.java:318)
	at org.springframework.boot.SpringApplication.run(SpringApplication.java:1362)
	at org.springframework.boot.SpringApplication.run(SpringApplication.java:1351)
	at com.example.springhttpclientdatajpademo.SpringHttpClientDataJpaDemoApplication.main(SpringHttpClientDataJpaDemoApplication.java:10)
Caused by: org.springframework.beans.factory.BeanCreationException: Error creating bean with name 'dataSourceScriptDatabaseInitializer' defined in class path resource [org/springframework/boot/autoconfigure/sql/init/DataSourceInitializationConfiguration.class]: Failed to execute SQL script statement #7 of class path resource [schema-h2.sql]: INSERT INTO tasks (id, user_id, filename, sheet_name, task_type, task_status, upload_batch_id, row_count, processed_rows) VALUES ( 'a0b1c2d3-e4f5-6789-abcd-ef0123456789', 'user_123', 'sample_evaluation.xlsx', 'Sheet1', 'CHAT_EVALUATION', 'QUEUEING', 'b0c1d2e3-f4g5-6789-abcd-ef0123456789', 2, 0 ) ON DUPLICATE KEY UPDATE id = id
	at org.springframework.beans.factory.support.AbstractAutowireCapableBeanFactory.initializeBean(AbstractAutowireCapableBeanFactory.java:1826)
	at org.springframework.beans.factory.support.AbstractAutowireCapableBeanFactory.doCreateBean(AbstractAutowireCapableBeanFactory.java:607)
	at org.springframework.beans.factory.support.AbstractAutowireCapableBeanFactory.createBean(AbstractAutowireCapableBeanFactory.java:529)
	at org.springframework.beans.factory.support.AbstractBeanFactory.lambda$doGetBean$0(AbstractBeanFactory.java:339)
	at org.springframework.beans.factory.support.DefaultSingletonBeanRegistry.getSingleton(DefaultSingletonBeanRegistry.java:373)
	at org.springframework.beans.factory.support.AbstractBeanFactory.doGetBean(AbstractBeanFactory.java:337)
	at org.springframework.beans.factory.support.AbstractBeanFactory.getBean(AbstractBeanFactory.java:202)
	at org.springframework.beans.factory.support.AbstractBeanFactory.doGetBean(AbstractBeanFactory.java:315)
	... 10 common frames omitted
Caused by: org.springframework.jdbc.datasource.init.ScriptStatementFailedException: Failed to execute SQL script statement #7 of class path resource [schema-h2.sql]: INSERT INTO tasks (id, user_id, filename, sheet_name, task_type, task_status, upload_batch_id, row_count, processed_rows) VALUES ( 'a0b1c2d3-e4f5-6789-abcd-ef0123456789', 'user_123', 'sample_evaluation.xlsx', 'Sheet1', 'CHAT_EVALUATION', 'QUEUEING', 'b0c1d2e3-f4g5-6789-abcd-ef0123456789', 2, 0 ) ON DUPLICATE KEY UPDATE id = id
	at org.springframework.jdbc.datasource.init.ScriptUtils.executeSqlScript(ScriptUtils.java:282)
	at org.springframework.jdbc.datasource.init.ResourceDatabasePopulator.populate(ResourceDatabasePopulator.java:254)
	at org.springframework.jdbc.datasource.init.DatabasePopulatorUtils.execute(DatabasePopulatorUtils.java:54)
	at org.springframework.boot.jdbc.init.DataSourceScriptDatabaseInitializer.runScripts(DataSourceScriptDatabaseInitializer.java:87)
	at org.springframework.boot.sql.init.AbstractScriptDatabaseInitializer.runScripts(AbstractScriptDatabaseInitializer.java:146)
	at org.springframework.boot.sql.init.AbstractScriptDatabaseInitializer.applyScripts(AbstractScriptDatabaseInitializer.java:108)
	at org.springframework.boot.sql.init.AbstractScriptDatabaseInitializer.applySchemaScripts(AbstractScriptDatabaseInitializer.java:98)
	at org.springframework.boot.sql.init.AbstractScriptDatabaseInitializer.initializeDatabase(AbstractScriptDatabaseInitializer.java:76)
	at org.springframework.boot.sql.init.AbstractScriptDatabaseInitializer.afterPropertiesSet(AbstractScriptDatabaseInitializer.java:66)
	at org.springframework.beans.factory.support.AbstractAutowireCapableBeanFactory.invokeInitMethods(AbstractAutowireCapableBeanFactory.java:1873)
	at org.springframework.beans.factory.support.AbstractAutowireCapableBeanFactory.initializeBean(AbstractAutowireCapableBeanFactory.java:1822)
	... 17 common frames omitted
Caused by: org.h2.jdbc.JdbcSQLSyntaxErrorException: Syntax error in SQL statement "INSERT INTO tasks (id, user_id, filename, sheet_name, task_type, task_status, upload_batch_id, row_count, processed_rows) VALUES ( 'a0b1c2d3-e4f5-6789-abcd-ef0123456789', 'user_123', 'sample_evaluation.xlsx', 'Sheet1', 'CHAT_EVALUATION', 'QUEUEING', 'b0c1d2e3-f4g5-6789-abcd-ef0123456789', 2, 0 ) [*]ON DUPLICATE KEY UPDATE id = id"; SQL statement:
INSERT INTO tasks (id, user_id, filename, sheet_name, task_type, task_status, upload_batch_id, row_count, processed_rows) VALUES ( 'a0b1c2d3-e4f5-6789-abcd-ef0123456789', 'user_123', 'sample_evaluation.xlsx', 'Sheet1', 'CHAT_EVALUATION', 'QUEUEING', 'b0c1d2e3-f4g5-6789-abcd-ef0123456789', 2, 0 ) ON DUPLICATE KEY UPDATE id = id [42000-232]
	at org.h2.message.DbException.getJdbcSQLException(DbException.java:514)
	at org.h2.message.DbException.getJdbcSQLException(DbException.java:489)
	at org.h2.message.DbException.get(DbException.java:223)
	at org.h2.message.DbException.get(DbException.java:199)
	at org.h2.message.DbException.getSyntaxError(DbException.java:247)
	at org.h2.command.ParserBase.getSyntaxError(ParserBase.java:760)
	at org.h2.command.Parser.prepareCommand(Parser.java:487)
	at org.h2.engine.SessionLocal.prepareLocal(SessionLocal.java:645)
	at org.h2.engine.SessionLocal.prepareCommand(SessionLocal.java:561)
	at org.h2.jdbc.JdbcConnection.prepareCommand(JdbcConnection.java:1164)
	at org.h2.jdbc.JdbcStatement.executeInternal(JdbcStatement.java:245)
	at org.h2.jdbc.JdbcStatement.execute(JdbcStatement.java:231)
	at com.zaxxer.hikari.pool.ProxyStatement.execute(ProxyStatement.java:95)
	at com.zaxxer.hikari.pool.HikariProxyStatement.execute(HikariProxyStatement.java)
	at org.springframework.jdbc.datasource.init.ScriptUtils.executeSqlScript(ScriptUtils.java:261)
	... 27 common frames omitted
[INFO] ------------------------------------------------------------------------
[INFO] BUILD FAILURE
[INFO] ------------------------------------------------------------------------
[INFO] Total time:  3.342 s
[INFO] Finished at: 2025-06-16T11:30:10+08:00
[INFO] ------------------------------------------------------------------------
[ERROR] Failed to execute goal org.springframework.boot:spring-boot-maven-plugin:3.5.0:run (default-cli) on project SpringHttpClientDataJpaDemo: Process terminated with exit code: 1 -> [Help 1]
[ERROR] 
[ERROR] To see the full stack trace of the errors, re-run Maven with the -e switch.
[ERROR] Re-run Maven using the -X switch to enable full debug logging.
[ERROR] 
[ERROR] For more information about the errors and possible solutions, please read the following articles:
[ERROR] [Help 1] http://cwiki.apache.org/confluence/display/MAVEN/MojoExecutionException
